make all --print-data-base --no-builtin-variables --no-builtin-rules --question
# GNU Make 3.82
# Built for x86_64-redhat-linux-gnu
# Copyright (C) 2010  Free Software Foundation, Inc.
# License GPLv3+: GNU GPL version 3 or later <http://gnu.org/licenses/gpl.html>
# This is free software: you are free to change and redistribute it.
# There is NO WARRANTY, to the extent permitted by law.

# Make data base, printed on Mon May  9 15:32:56 2022

# Variables

# automatic
<D = $(patsubst %/,%,$(dir $<))
# automatic
?F = $(notdir $?)
# default
.SHELLFLAGS := -c
# environment
ORACLE_BASE = /oracle/base
# environment
VSCODE_AGENT_FOLDER = /home/invi/.vscode-server
# environment
VSCODE_LOG_NATIVE = false
# automatic
?D = $(patsubst %/,%,$(dir $?))
# automatic
@D = $(patsubst %/,%,$(dir $@))
# automatic
@F = $(notdir $@)
# default
MAKE_VERSION := 3.82
# makefile
CURDIR := /project
# makefile
SHELL = /bin/sh
# environment
VSCODE_NLS_CONFIG = {"locale":"zh-cn","availableLanguages":{"*":"zh-cn"},"_languagePackId":"a78078f10f99ab7adc9063c14c25e7ae.zh-cn","_translationsConfigFile":"/home/invi/.vscode-server/data/clp/a78078f10f99ab7adc9063c14c25e7ae.zh-cn/tcf.json","_cacheRoot":"/home/invi/.vscode-server/data/clp/a78078f10f99ab7adc9063c14c25e7ae.zh-cn","_resolvedLanguagePackCoreLocation":"/home/invi/.vscode-server/data/clp/a78078f10f99ab7adc9063c14c25e7ae.zh-cn/57fd6d0195bb9b9d1b49f6da5db789060795de47","_corruptedFile":"/home/invi/.vscode-server/data/clp/a78078f10f99ab7adc9063c14c25e7ae.zh-cn/corrupted.info","_languagePackSupport":true}
# environment
_ = /usr/bin/make
# makefile
MAKEFILE_LIST := 
# environment
HISTCONTROL = ignoredups
# environment
XDG_DATA_DIRS = /home/invi/.local/share/flatpak/exports/share:/var/lib/flatpak/exports/share:/usr/local/share:/usr/share
# environment
VSCODE_VERBOSE_LOGGING = true
# environment
INFOPATH = /opt/rh/devtoolset-8/root/usr/share/info
# environment
PCP_DIR = /opt/rh/devtoolset-8/root
# environment
LESSOPEN = ||/usr/bin/lesspipe.sh %s
# environment
VSCODE_CWD = /home/invi
# environment
SSH_CONNECTION = 192.168.31.186 56692 192.168.31.133 22
# environment
PATH = /home/invi/.vscode-server/bin/57fd6d0195bb9b9d1b49f6da5db789060795de47/bin/remote-cli:/opt/rh/devtoolset-8/root/usr/bin:/usr/local/bin:/usr/bin:/usr/local/sbin:/usr/sbin:/home/invi/.local/bin:/home/invi/bin:/usr/local/git:/home/invi/.local/bin:/home/invi/bin:/home/invi/bin:/oracle/home/bin:.
# environment
XDG_RUNTIME_DIR = /run/user/1000
# environment
VSCODE_LOG_STACK = false
# default
.FEATURES := target-specific order-only second-expansion else-if shortest-stem undefine oneshell archives jobserver check-symlink
# automatic
%F = $(notdir $%)
# environment
VSCODE_PIPE_LOGGING = true
# environment
PWD = /project
# environment
VSCODE_IPC_HOOK_CLI = /run/user/1000/vscode-ipc-f8040adb-bb20-4116-af1f-1174ef1ddff1.sock
# automatic
*D = $(patsubst %/,%,$(dir $*))
# environment
PKG_CONFIG_PATH = /opt/rh/devtoolset-8/root/usr/lib64/pkgconfig
# environment
MANPATH = /opt/rh/devtoolset-8/root/usr/share/man:
# environment
VSCODE_AMD_ENTRYPOINT = vs/workbench/api/node/extensionHostProcess
# environment
HOME = /home/invi
# environment
LD_LIBRARY_PATH = /opt/rh/devtoolset-8/root/usr/lib64:/opt/rh/devtoolset-8/root/usr/lib:/opt/rh/devtoolset-8/root/usr/lib64/dyninst:/opt/rh/devtoolset-8/root/usr/lib/dyninst:/opt/rh/devtoolset-8/root/usr/lib64:/opt/rh/devtoolset-8/root/usr/lib:/project/public:/usr/local/mysql/lib:/usr/lib::/oracle/home/lib:/usr/lib:.
# environment
PERL5LIB = /opt/rh/devtoolset-8/root//usr/lib64/perl5/vendor_perl:/opt/rh/devtoolset-8/root/usr/lib/perl5:/opt/rh/devtoolset-8/root//usr/share/perl5/vendor_perl
# environment
LOGNAME = invi
# environment
APPLICATION_INSIGHTS_NO_DIAGNOSTIC_CHANNEL = true
# automatic
+F = $(notdir $+)
# environment
VSCODE_HANDLES_UNCAUGHT_ERRORS = true
# automatic
^D = $(patsubst %/,%,$(dir $^))
# environment
HOSTNAME = 192.168.31.133
# environment
MAKELEVEL := 0
# environment
NLS_LANG = Simplified Chinese_China.AL32UTF8
# default
MAKECMDGOALS := all
# environment
SHLVL = 5
# environment
ORACLE_HOME = /oracle/home
# environment
XDG_SESSION_ID = 1
# environment
USER = invi
# makefile
.DEFAULT_GOAL := 
# default
MAKE = $(MAKE_COMMAND)
# automatic
%D = $(patsubst %/,%,$(dir $%))
# default
MAKE_COMMAND := make
# default
.VARIABLES := 
# automatic
*F = $(notdir $*)
# environment
PYTHONPATH = /opt/rh/devtoolset-8/root/usr/lib64/python2.7/site-packages:/opt/rh/devtoolset-8/root/usr/lib/python2.7/site-packages
# makefile
MAKEFLAGS = Rrqp
# environment
MFLAGS = -Rrqp
# environment
SSH_CLIENT = 192.168.31.186 56692 22
# environment
MAIL = /var/spool/mail/invi
# automatic
+D = $(patsubst %/,%,$(dir $+))
# environment
BROWSER = /home/invi/.vscode-server/bin/57fd6d0195bb9b9d1b49f6da5db789060795de47/bin/helpers/browser.sh
# environment
VSCODE_HANDLES_SIGPIPE = true
# environment
ORACLE_SID = snorcl11g
# default
MAKEFILES := 
# automatic
<F = $(notdir $<)
# environment
LC_ALL = C
# automatic
^F = $(notdir $^)
# default
SUFFIXES := 
# environment
HISTSIZE = 1000
# default
.INCLUDE_DIRS = /usr/include /usr/local/include /usr/include
# default
.RECIPEPREFIX := 
# environment
LANG = C
# environment
VSCODE_EXTHOST_WILL_SEND_SOCKET = true
# variable set hash-table stats:
# Load=76/1024=7%, Rehash=0, Collisions=8/95=8%

# Pattern-specific Variable Values

# No pattern-specific variable values.

# Directories

# . (device 2051, inode 101590318): 9 files, no impossibilities.

# 9 files, no impossibilities in 1 directories.

# Implicit Rules

# No implicit rules.

# Files

# Not a target:
all:
#  Command line target.
#  Implicit rule search has been done.
#  File does not exist.
#  File has not been updated.

# Not a target:
.SUFFIXES:
#  Implicit rule search has not been done.
#  Modification time never checked.
#  File has not been updated.

# Not a target:
Makefile:
#  Implicit rule search has been done.
#  File does not exist.
#  File has been updated.
#  Failed to be updated.

# Not a target:
makefile:
#  Implicit rule search has been done.
#  File does not exist.
#  File has been updated.
#  Failed to be updated.

# Not a target:
.DEFAULT:
#  Implicit rule search has not been done.
#  Modification time never checked.
#  File has not been updated.

# Not a target:
GNUmakefile:
#  Implicit rule search has been done.
#  File does not exist.
#  File has been updated.
#  Failed to be updated.

# files hash-table stats:
# Load=6/1024=1%, Rehash=0, Collisions=0/15=0%
# VPATH Search Paths

# No `vpath' search paths.

# No general (`VPATH' variable) search path.

# # of strings in strcache: 0 / lookups = 20 / hits = 20
# # of strcache buffers: 1 (* 8176 B/buffer = 8176 B)
# strcache used: total = 0 (139) / max = 0 / min = 8176 / avg = 0
# strcache free: total = 0 (8037) / max = 0 / min = 8176 / avg = 0

# strcache hash-table stats:
# Load=17/8192=0%, Rehash=0, Collisions=1/20=5%
# Finished Make data base on Mon May  9 15:32:56 2022

 
make: *** No rule to make target `all'.  Stop.

